{"/home/victor/dev/node/control-wharehouse/src/core/entity/BasicEntity.ts": {"path":"/home/victor/dev/node/control-wharehouse/src/core/entity/BasicEntity.ts","all":false,"statementMap":{"0":{"start":{"line":1,"column":0},"end":{"line":1,"column":23}},"1":{"start":{"line":2,"column":0},"end":{"line":2,"column":0}},"2":{"start":{"line":3,"column":0},"end":{"line":3,"column":34}},"3":{"start":{"line":4,"column":0},"end":{"line":4,"column":23}},"4":{"start":{"line":5,"column":0},"end":{"line":5,"column":27}},"5":{"start":{"line":6,"column":0},"end":{"line":6,"column":27}},"6":{"start":{"line":7,"column":0},"end":{"line":7,"column":4}},"7":{"start":{"line":8,"column":0},"end":{"line":8,"column":19}},"8":{"start":{"line":9,"column":0},"end":{"line":9,"column":23}},"9":{"start":{"line":10,"column":0},"end":{"line":10,"column":45}},"10":{"start":{"line":11,"column":0},"end":{"line":11,"column":45}},"11":{"start":{"line":12,"column":0},"end":{"line":12,"column":5}},"12":{"start":{"line":13,"column":0},"end":{"line":13,"column":1}}},"s":{"0":1,"1":1,"2":1,"3":1,"4":1,"5":1,"6":1,"7":1,"8":3,"9":3,"10":3,"11":3,"12":1},"branchMap":{"0":{"type":"branch","line":3,"loc":{"start":{"line":3,"column":0},"end":{"line":13,"column":1}},"locations":[{"start":{"line":3,"column":0},"end":{"line":13,"column":1}}]},"1":{"type":"branch","line":8,"loc":{"start":{"line":8,"column":4},"end":{"line":12,"column":5}},"locations":[{"start":{"line":8,"column":4},"end":{"line":12,"column":5}}]}},"b":{"0":[1],"1":[3]},"fnMap":{"0":{"name":"BasicEntity","decl":{"start":{"line":8,"column":4},"end":{"line":12,"column":5}},"loc":{"start":{"line":8,"column":4},"end":{"line":12,"column":5}},"line":8}},"f":{"0":3}}
,"/home/victor/dev/node/control-wharehouse/src/core/entity/Item.ts": {"path":"/home/victor/dev/node/control-wharehouse/src/core/entity/Item.ts","all":false,"statementMap":{"0":{"start":{"line":1,"column":0},"end":{"line":1,"column":39}},"1":{"start":{"line":2,"column":0},"end":{"line":2,"column":24}},"2":{"start":{"line":3,"column":0},"end":{"line":3,"column":0}},"3":{"start":{"line":4,"column":0},"end":{"line":4,"column":36}},"4":{"start":{"line":5,"column":0},"end":{"line":5,"column":16}},"5":{"start":{"line":6,"column":0},"end":{"line":6,"column":23}},"6":{"start":{"line":7,"column":0},"end":{"line":7,"column":16}},"7":{"start":{"line":8,"column":0},"end":{"line":8,"column":1}},"8":{"start":{"line":9,"column":0},"end":{"line":9,"column":0}},"9":{"start":{"line":10,"column":0},"end":{"line":10,"column":47}},"10":{"start":{"line":11,"column":0},"end":{"line":11,"column":23}},"11":{"start":{"line":12,"column":0},"end":{"line":12,"column":30}},"12":{"start":{"line":13,"column":0},"end":{"line":13,"column":22}},"13":{"start":{"line":14,"column":0},"end":{"line":14,"column":0}},"14":{"start":{"line":15,"column":0},"end":{"line":15,"column":43}},"15":{"start":{"line":16,"column":0},"end":{"line":16,"column":16}},"16":{"start":{"line":17,"column":0},"end":{"line":17,"column":31}},"17":{"start":{"line":18,"column":0},"end":{"line":18,"column":45}},"18":{"start":{"line":19,"column":0},"end":{"line":19,"column":5}},"19":{"start":{"line":20,"column":0},"end":{"line":20,"column":1}}},"s":{"0":1,"1":1,"2":1,"3":1,"4":1,"5":1,"6":1,"7":1,"8":1,"9":1,"10":1,"11":1,"12":1,"13":1,"14":1,"15":1,"16":1,"17":1,"18":1,"19":1},"branchMap":{"0":{"type":"branch","line":10,"loc":{"start":{"line":10,"column":0},"end":{"line":20,"column":1}},"locations":[{"start":{"line":10,"column":0},"end":{"line":20,"column":1}}]},"1":{"type":"branch","line":15,"loc":{"start":{"line":15,"column":4},"end":{"line":19,"column":5}},"locations":[{"start":{"line":15,"column":4},"end":{"line":19,"column":5}}]}},"b":{"0":[1],"1":[1]},"fnMap":{"0":{"name":"Item","decl":{"start":{"line":15,"column":4},"end":{"line":19,"column":5}},"loc":{"start":{"line":15,"column":4},"end":{"line":19,"column":5}},"line":15}},"f":{"0":1}}
,"/home/victor/dev/node/control-wharehouse/src/core/entity/Transaction.ts": {"path":"/home/victor/dev/node/control-wharehouse/src/core/entity/Transaction.ts","all":false,"statementMap":{"0":{"start":{"line":1,"column":0},"end":{"line":1,"column":40}},"1":{"start":{"line":2,"column":0},"end":{"line":2,"column":26}},"2":{"start":{"line":3,"column":0},"end":{"line":3,"column":26}},"3":{"start":{"line":4,"column":0},"end":{"line":4,"column":0}},"4":{"start":{"line":5,"column":0},"end":{"line":5,"column":29}},"5":{"start":{"line":6,"column":0},"end":{"line":6,"column":9}},"6":{"start":{"line":7,"column":0},"end":{"line":7,"column":15}},"7":{"start":{"line":8,"column":0},"end":{"line":8,"column":13}},"8":{"start":{"line":9,"column":0},"end":{"line":9,"column":11}},"9":{"start":{"line":10,"column":0},"end":{"line":10,"column":1}},"10":{"start":{"line":11,"column":0},"end":{"line":11,"column":0}},"11":{"start":{"line":12,"column":0},"end":{"line":12,"column":34}},"12":{"start":{"line":13,"column":0},"end":{"line":13,"column":14}},"13":{"start":{"line":14,"column":0},"end":{"line":14,"column":14}},"14":{"start":{"line":15,"column":0},"end":{"line":15,"column":29}},"15":{"start":{"line":16,"column":0},"end":{"line":16,"column":1}},"16":{"start":{"line":17,"column":0},"end":{"line":17,"column":0}},"17":{"start":{"line":18,"column":0},"end":{"line":18,"column":46}},"18":{"start":{"line":19,"column":0},"end":{"line":19,"column":21}},"19":{"start":{"line":20,"column":0},"end":{"line":20,"column":21}},"20":{"start":{"line":21,"column":0},"end":{"line":21,"column":34}},"21":{"start":{"line":22,"column":0},"end":{"line":22,"column":0}},"22":{"start":{"line":23,"column":0},"end":{"line":23,"column":41}},"23":{"start":{"line":24,"column":0},"end":{"line":24,"column":15}},"24":{"start":{"line":25,"column":0},"end":{"line":25,"column":31}},"25":{"start":{"line":26,"column":0},"end":{"line":26,"column":31}},"26":{"start":{"line":27,"column":0},"end":{"line":27,"column":61}},"27":{"start":{"line":28,"column":0},"end":{"line":28,"column":6}},"28":{"start":{"line":29,"column":0},"end":{"line":29,"column":1}}},"s":{"0":1,"1":1,"2":1,"3":1,"4":1,"5":1,"6":1,"7":1,"8":1,"9":1,"10":1,"11":1,"12":1,"13":1,"14":1,"15":1,"16":1,"17":1,"18":1,"19":1,"20":1,"21":1,"22":1,"23":1,"24":1,"25":1,"26":1,"27":1,"28":1},"branchMap":{"0":{"type":"branch","line":5,"loc":{"start":{"line":5,"column":0},"end":{"line":10,"column":1}},"locations":[{"start":{"line":5,"column":0},"end":{"line":10,"column":1}}]},"1":{"type":"branch","line":18,"loc":{"start":{"line":18,"column":0},"end":{"line":29,"column":1}},"locations":[{"start":{"line":18,"column":0},"end":{"line":29,"column":1}}]},"2":{"type":"branch","line":23,"loc":{"start":{"line":23,"column":4},"end":{"line":28,"column":5}},"locations":[{"start":{"line":23,"column":4},"end":{"line":28,"column":5}}]},"3":{"type":"branch","line":27,"loc":{"start":{"line":27,"column":28},"end":{"line":27,"column":30}},"locations":[{"start":{"line":27,"column":28},"end":{"line":27,"column":30}}]},"4":{"type":"branch","line":27,"loc":{"start":{"line":27,"column":36},"end":{"line":27,"column":40}},"locations":[{"start":{"line":27,"column":36},"end":{"line":27,"column":40}}]}},"b":{"0":[1],"1":[1],"2":[1],"3":[0],"4":[0]},"fnMap":{"0":{"name":"Tag","decl":{"start":{"line":23,"column":4},"end":{"line":28,"column":5}},"loc":{"start":{"line":23,"column":4},"end":{"line":28,"column":5}},"line":23}},"f":{"0":1}}
,"/home/victor/dev/node/control-wharehouse/src/core/entity/User.ts": {"path":"/home/victor/dev/node/control-wharehouse/src/core/entity/User.ts","all":false,"statementMap":{"0":{"start":{"line":1,"column":0},"end":{"line":1,"column":40}},"1":{"start":{"line":2,"column":0},"end":{"line":2,"column":0}},"2":{"start":{"line":3,"column":0},"end":{"line":3,"column":35}},"3":{"start":{"line":4,"column":0},"end":{"line":4,"column":16}},"4":{"start":{"line":5,"column":0},"end":{"line":5,"column":17}},"5":{"start":{"line":6,"column":0},"end":{"line":6,"column":1}},"6":{"start":{"line":7,"column":0},"end":{"line":7,"column":0}},"7":{"start":{"line":8,"column":0},"end":{"line":8,"column":47}},"8":{"start":{"line":9,"column":0},"end":{"line":9,"column":23}},"9":{"start":{"line":10,"column":0},"end":{"line":10,"column":24}},"10":{"start":{"line":11,"column":0},"end":{"line":11,"column":0}},"11":{"start":{"line":12,"column":0},"end":{"line":12,"column":42}},"12":{"start":{"line":13,"column":0},"end":{"line":13,"column":15}},"13":{"start":{"line":14,"column":0},"end":{"line":14,"column":31}},"14":{"start":{"line":15,"column":0},"end":{"line":15,"column":33}},"15":{"start":{"line":16,"column":0},"end":{"line":16,"column":6}},"16":{"start":{"line":17,"column":0},"end":{"line":17,"column":1}}},"s":{"0":1,"1":1,"2":1,"3":1,"4":1,"5":1,"6":1,"7":1,"8":1,"9":1,"10":1,"11":1,"12":1,"13":1,"14":1,"15":1,"16":1},"branchMap":{"0":{"type":"branch","line":8,"loc":{"start":{"line":8,"column":0},"end":{"line":17,"column":1}},"locations":[{"start":{"line":8,"column":0},"end":{"line":17,"column":1}}]},"1":{"type":"branch","line":12,"loc":{"start":{"line":12,"column":4},"end":{"line":16,"column":5}},"locations":[{"start":{"line":12,"column":4},"end":{"line":16,"column":5}}]}},"b":{"0":[1],"1":[1]},"fnMap":{"0":{"name":"User","decl":{"start":{"line":12,"column":4},"end":{"line":16,"column":5}},"loc":{"start":{"line":12,"column":4},"end":{"line":16,"column":5}},"line":12}},"f":{"0":1}}
,"/home/victor/dev/node/control-wharehouse/src/infra/repository/inMemory/ItemTransactions.ts": {"path":"/home/victor/dev/node/control-wharehouse/src/infra/repository/inMemory/ItemTransactions.ts","all":false,"statementMap":{"0":{"start":{"line":1,"column":0},"end":{"line":1,"column":45}},"1":{"start":{"line":2,"column":0},"end":{"line":2,"column":59}},"2":{"start":{"line":3,"column":0},"end":{"line":3,"column":45}},"3":{"start":{"line":4,"column":0},"end":{"line":4,"column":58}},"4":{"start":{"line":5,"column":0},"end":{"line":5,"column":0}},"5":{"start":{"line":6,"column":0},"end":{"line":6,"column":92}},"6":{"start":{"line":7,"column":0},"end":{"line":7,"column":39}},"7":{"start":{"line":8,"column":0},"end":{"line":8,"column":75}},"8":{"start":{"line":9,"column":0},"end":{"line":9,"column":58}},"9":{"start":{"line":10,"column":0},"end":{"line":10,"column":54}},"10":{"start":{"line":11,"column":0},"end":{"line":11,"column":27}},"11":{"start":{"line":12,"column":0},"end":{"line":12,"column":5}},"12":{"start":{"line":13,"column":0},"end":{"line":13,"column":72}},"13":{"start":{"line":14,"column":0},"end":{"line":14,"column":120}},"14":{"start":{"line":15,"column":0},"end":{"line":15,"column":32}},"15":{"start":{"line":16,"column":0},"end":{"line":16,"column":5}},"16":{"start":{"line":17,"column":0},"end":{"line":17,"column":0}},"17":{"start":{"line":18,"column":0},"end":{"line":18,"column":20}},"18":{"start":{"line":19,"column":0},"end":{"line":19,"column":26}},"19":{"start":{"line":20,"column":0},"end":{"line":20,"column":5}},"20":{"start":{"line":21,"column":0},"end":{"line":21,"column":0}},"21":{"start":{"line":22,"column":0},"end":{"line":22,"column":1}}},"s":{"0":1,"1":1,"2":1,"3":1,"4":1,"5":1,"6":1,"7":1,"8":1,"9":1,"10":1,"11":1,"12":1,"13":1,"14":1,"15":1,"16":1,"17":1,"18":1,"19":1,"20":1,"21":1},"branchMap":{"0":{"type":"branch","line":6,"loc":{"start":{"line":6,"column":0},"end":{"line":22,"column":1}},"locations":[{"start":{"line":6,"column":0},"end":{"line":22,"column":1}}]},"1":{"type":"branch","line":6,"loc":{"start":{"line":6,"column":0},"end":{"line":22,"column":1}},"locations":[{"start":{"line":6,"column":0},"end":{"line":22,"column":1}}]},"2":{"type":"branch","line":8,"loc":{"start":{"line":8,"column":4},"end":{"line":12,"column":5}},"locations":[{"start":{"line":8,"column":4},"end":{"line":12,"column":5}}]},"3":{"type":"branch","line":13,"loc":{"start":{"line":13,"column":4},"end":{"line":16,"column":5}},"locations":[{"start":{"line":13,"column":4},"end":{"line":16,"column":5}}]},"4":{"type":"branch","line":15,"loc":{"start":{"line":15,"column":19},"end":{"line":15,"column":22}},"locations":[{"start":{"line":15,"column":19},"end":{"line":15,"column":22}}]},"5":{"type":"branch","line":15,"loc":{"start":{"line":15,"column":24},"end":{"line":15,"column":28}},"locations":[{"start":{"line":15,"column":24},"end":{"line":15,"column":28}}]},"6":{"type":"branch","line":18,"loc":{"start":{"line":18,"column":4},"end":{"line":20,"column":5}},"locations":[{"start":{"line":18,"column":4},"end":{"line":20,"column":5}}]}},"b":{"0":[1],"1":[1],"2":[1],"3":[1],"4":[0],"5":[0],"6":[1]},"fnMap":{"0":{"name":"ItemTrasactionsInMemoryRepository","decl":{"start":{"line":6,"column":0},"end":{"line":22,"column":1}},"loc":{"start":{"line":6,"column":0},"end":{"line":22,"column":1}},"line":6},"1":{"name":"Object.<anonymous>.ItemTrasactionsInMemoryRepository.createTransaction","decl":{"start":{"line":8,"column":4},"end":{"line":12,"column":5}},"loc":{"start":{"line":8,"column":4},"end":{"line":12,"column":5}},"line":8},"2":{"name":"Object.<anonymous>.ItemTrasactionsInMemoryRepository.lastTrasactionState","decl":{"start":{"line":13,"column":4},"end":{"line":16,"column":5}},"loc":{"start":{"line":13,"column":4},"end":{"line":16,"column":5}},"line":13},"3":{"name":"Object.<anonymous>.ItemTrasactionsInMemoryRepository.cleanAllData","decl":{"start":{"line":18,"column":4},"end":{"line":20,"column":5}},"loc":{"start":{"line":18,"column":4},"end":{"line":20,"column":5}},"line":18}},"f":{"0":1,"1":1,"2":1,"3":1}}
,"/home/victor/dev/node/control-wharehouse/src/usecase/CreateLoanTrasaction.ts": {"path":"/home/victor/dev/node/control-wharehouse/src/usecase/CreateLoanTrasaction.ts","all":false,"statementMap":{"0":{"start":{"line":1,"column":0},"end":{"line":1,"column":39}},"1":{"start":{"line":2,"column":0},"end":{"line":2,"column":74}},"2":{"start":{"line":3,"column":0},"end":{"line":3,"column":39}},"3":{"start":{"line":4,"column":0},"end":{"line":4,"column":75}},"4":{"start":{"line":5,"column":0},"end":{"line":5,"column":0}},"5":{"start":{"line":6,"column":0},"end":{"line":6,"column":52}},"6":{"start":{"line":7,"column":0},"end":{"line":7,"column":45}},"7":{"start":{"line":8,"column":0},"end":{"line":8,"column":1}},"8":{"start":{"line":9,"column":0},"end":{"line":9,"column":0}},"9":{"start":{"line":10,"column":0},"end":{"line":10,"column":44}},"10":{"start":{"line":11,"column":0},"end":{"line":11,"column":53}},"11":{"start":{"line":12,"column":0},"end":{"line":12,"column":60}},"12":{"start":{"line":13,"column":0},"end":{"line":13,"column":53}},"13":{"start":{"line":14,"column":0},"end":{"line":14,"column":5}},"14":{"start":{"line":15,"column":0},"end":{"line":15,"column":0}},"15":{"start":{"line":16,"column":0},"end":{"line":16,"column":65}},"16":{"start":{"line":17,"column":0},"end":{"line":17,"column":80}},"17":{"start":{"line":18,"column":0},"end":{"line":18,"column":66}},"18":{"start":{"line":19,"column":0},"end":{"line":19,"column":82}},"19":{"start":{"line":20,"column":0},"end":{"line":20,"column":9}},"20":{"start":{"line":21,"column":0},"end":{"line":21,"column":79}},"21":{"start":{"line":22,"column":0},"end":{"line":22,"column":0}},"22":{"start":{"line":23,"column":0},"end":{"line":23,"column":22}},"23":{"start":{"line":24,"column":0},"end":{"line":24,"column":5}},"24":{"start":{"line":25,"column":0},"end":{"line":25,"column":1}}},"s":{"0":1,"1":1,"2":1,"3":1,"4":1,"5":1,"6":1,"7":1,"8":1,"9":1,"10":1,"11":1,"12":1,"13":1,"14":1,"15":1,"16":1,"17":1,"18":0,"19":0,"20":1,"21":1,"22":1,"23":1,"24":1},"branchMap":{"0":{"type":"branch","line":10,"loc":{"start":{"line":10,"column":0},"end":{"line":25,"column":1}},"locations":[{"start":{"line":10,"column":0},"end":{"line":25,"column":1}}]},"1":{"type":"branch","line":12,"loc":{"start":{"line":12,"column":4},"end":{"line":14,"column":5}},"locations":[{"start":{"line":12,"column":4},"end":{"line":14,"column":5}}]},"2":{"type":"branch","line":16,"loc":{"start":{"line":16,"column":4},"end":{"line":24,"column":5}},"locations":[{"start":{"line":16,"column":4},"end":{"line":24,"column":5}}]},"3":{"type":"branch","line":17,"loc":{"start":{"line":17,"column":27},"end":{"line":17,"column":80}},"locations":[{"start":{"line":17,"column":27},"end":{"line":17,"column":80}}]},"4":{"type":"branch","line":18,"loc":{"start":{"line":18,"column":54},"end":{"line":18,"column":56}},"locations":[{"start":{"line":18,"column":54},"end":{"line":18,"column":56}}]},"5":{"type":"branch","line":18,"loc":{"start":{"line":18,"column":54},"end":{"line":18,"column":62}},"locations":[{"start":{"line":18,"column":54},"end":{"line":18,"column":62}}]},"6":{"type":"branch","line":18,"loc":{"start":{"line":18,"column":65},"end":{"line":20,"column":9}},"locations":[{"start":{"line":18,"column":65},"end":{"line":20,"column":9}}]}},"b":{"0":[1],"1":[1],"2":[1],"3":[1],"4":[0],"5":[0],"6":[0]},"fnMap":{"0":{"name":"CreateLoanTransaction","decl":{"start":{"line":12,"column":4},"end":{"line":14,"column":5}},"loc":{"start":{"line":12,"column":4},"end":{"line":14,"column":5}},"line":12},"1":{"name":"Object.<anonymous>.CreateLoanTransaction.execute","decl":{"start":{"line":16,"column":4},"end":{"line":24,"column":5}},"loc":{"start":{"line":16,"column":4},"end":{"line":24,"column":5}},"line":16}},"f":{"0":1,"1":1}}
}
