TN:
SF:src/core/entity/BasicEntity.ts
FN:8,BasicEntity
FNF:1
FNH:1
FNDA:3,BasicEntity
DA:1,1
DA:2,1
DA:3,1
DA:4,1
DA:5,1
DA:6,1
DA:7,1
DA:8,1
DA:9,3
DA:10,3
DA:11,3
DA:12,3
DA:13,1
LF:13
LH:13
BRDA:3,0,0,1
BRDA:8,1,0,3
BRF:2
BRH:2
end_of_record
TN:
SF:src/core/entity/Item.ts
FN:15,Item
FNF:1
FNH:1
FNDA:1,Item
DA:1,1
DA:2,1
DA:3,1
DA:4,1
DA:5,1
DA:6,1
DA:7,1
DA:8,1
DA:9,1
DA:10,1
DA:11,1
DA:12,1
DA:13,1
DA:14,1
DA:15,1
DA:16,1
DA:17,1
DA:18,1
DA:19,1
DA:20,1
LF:20
LH:20
BRDA:10,0,0,1
BRDA:15,1,0,1
BRF:2
BRH:2
end_of_record
TN:
SF:src/core/entity/Transaction.ts
FN:23,Tag
FNF:1
FNH:1
FNDA:1,Tag
DA:1,1
DA:2,1
DA:3,1
DA:4,1
DA:5,1
DA:6,1
DA:7,1
DA:8,1
DA:9,1
DA:10,1
DA:11,1
DA:12,1
DA:13,1
DA:14,1
DA:15,1
DA:16,1
DA:17,1
DA:18,1
DA:19,1
DA:20,1
DA:21,1
DA:22,1
DA:23,1
DA:24,1
DA:25,1
DA:26,1
DA:27,1
DA:28,1
DA:29,1
LF:29
LH:29
BRDA:5,0,0,1
BRDA:18,1,0,1
BRDA:23,2,0,1
BRDA:27,3,0,0
BRDA:27,4,0,0
BRF:5
BRH:3
end_of_record
TN:
SF:src/core/entity/User.ts
FN:12,User
FNF:1
FNH:1
FNDA:1,User
DA:1,1
DA:2,1
DA:3,1
DA:4,1
DA:5,1
DA:6,1
DA:7,1
DA:8,1
DA:9,1
DA:10,1
DA:11,1
DA:12,1
DA:13,1
DA:14,1
DA:15,1
DA:16,1
DA:17,1
LF:17
LH:17
BRDA:8,0,0,1
BRDA:12,1,0,1
BRF:2
BRH:2
end_of_record
TN:
SF:src/infra/repository/inMemory/ItemTransactions.ts
FN:6,ItemTrasactionsInMemoryRepository
FN:8,Object.<anonymous>.ItemTrasactionsInMemoryRepository.createTransaction
FN:13,Object.<anonymous>.ItemTrasactionsInMemoryRepository.lastTrasactionState
FN:18,Object.<anonymous>.ItemTrasactionsInMemoryRepository.cleanAllData
FNF:4
FNH:4
FNDA:1,ItemTrasactionsInMemoryRepository
FNDA:1,Object.<anonymous>.ItemTrasactionsInMemoryRepository.createTransaction
FNDA:1,Object.<anonymous>.ItemTrasactionsInMemoryRepository.lastTrasactionState
FNDA:1,Object.<anonymous>.ItemTrasactionsInMemoryRepository.cleanAllData
DA:1,1
DA:2,1
DA:3,1
DA:4,1
DA:5,1
DA:6,1
DA:7,1
DA:8,1
DA:9,1
DA:10,1
DA:11,1
DA:12,1
DA:13,1
DA:14,1
DA:15,1
DA:16,1
DA:17,1
DA:18,1
DA:19,1
DA:20,1
DA:21,1
DA:22,1
LF:22
LH:22
BRDA:6,0,0,1
BRDA:6,1,0,1
BRDA:8,2,0,1
BRDA:13,3,0,1
BRDA:15,4,0,0
BRDA:15,5,0,0
BRDA:18,6,0,1
BRF:7
BRH:5
end_of_record
TN:
SF:src/usecase/CreateLoanTrasaction.ts
FN:12,CreateLoanTransaction
FN:16,Object.<anonymous>.CreateLoanTransaction.execute
FNF:2
FNH:2
FNDA:1,CreateLoanTransaction
FNDA:1,Object.<anonymous>.CreateLoanTransaction.execute
DA:1,1
DA:2,1
DA:3,1
DA:4,1
DA:5,1
DA:6,1
DA:7,1
DA:8,1
DA:9,1
DA:10,1
DA:11,1
DA:12,1
DA:13,1
DA:14,1
DA:15,1
DA:16,1
DA:17,1
DA:18,1
DA:19,0
DA:20,0
DA:21,1
DA:22,1
DA:23,1
DA:24,1
DA:25,1
LF:25
LH:23
BRDA:10,0,0,1
BRDA:12,1,0,1
BRDA:16,2,0,1
BRDA:17,3,0,1
BRDA:18,4,0,0
BRDA:18,5,0,0
BRDA:18,6,0,0
BRF:7
BRH:4
end_of_record
